<?xml version="1.0" encoding="UTF-8"?>
<!-- Generated by org.testng.reporters.JUnitXMLReporter -->
<testsuite hostname="Num30-PC" name="test1" tests="5" failures="0" timestamp="29 Jan 2016 08:42:12 GMT" time="0.054" errors="0">
  <testcase name="f1" time="0.005" classname="firstTestNG.FirstNGTest"/>
  <testcase name="f2" time="0.002" classname="firstTestNG.FirstNGTest"/>
  <testcase name="f3" time="0.001" classname="firstTestNG.FirstNGTest"/>
  <testcase name="f4" time="0.002" classname="firstTestNG.FirstNGTest"/>
  <testcase name="f5" time="0.002" classname="firstTestNG.FirstNGTest"/>
</testsuite> <!-- test1 -->
