<?xml version="1.0" encoding="UTF-8"?>
<testng-results skipped="0" failed="0" total="5" passed="5">
  <reporter-output>
  </reporter-output>
  <suite name="testngTest" duration-ms="54" started-at="2016-01-29T08:42:12Z" finished-at="2016-01-29T08:42:12Z">
    <groups>
    </groups>
    <test name="test1" duration-ms="54" started-at="2016-01-29T08:42:12Z" finished-at="2016-01-29T08:42:12Z">
      <class name="firstTestNG.FirstNGTest">
        <test-method status="PASS" signature="beforeTest()[pri:0, instance:firstTestNG.FirstNGTest@282ba1e]" name="beforeTest" is-config="true" duration-ms="13" started-at="2016-01-29T16:42:12Z" finished-at="2016-01-29T16:42:12Z">
          <reporter-output>
          </reporter-output>
        </test-method> <!-- beforeTest -->
        <test-method status="PASS" signature="beforeClass()[pri:0, instance:firstTestNG.FirstNGTest@282ba1e]" name="beforeClass" is-config="true" duration-ms="0" started-at="2016-01-29T16:42:12Z" finished-at="2016-01-29T16:42:12Z">
          <reporter-output>
          </reporter-output>
        </test-method> <!-- beforeClass -->
        <test-method status="PASS" signature="beforeMethod()[pri:0, instance:firstTestNG.FirstNGTest@282ba1e]" name="beforeMethod" is-config="true" duration-ms="1" started-at="2016-01-29T16:42:12Z" finished-at="2016-01-29T16:42:12Z">
          <reporter-output>
          </reporter-output>
        </test-method> <!-- beforeMethod -->
        <test-method status="PASS" signature="f1()[pri:0, instance:firstTestNG.FirstNGTest@282ba1e]" name="f1" duration-ms="5" started-at="2016-01-29T16:42:12Z" finished-at="2016-01-29T16:42:12Z">
          <reporter-output>
          </reporter-output>
        </test-method> <!-- f1 -->
        <test-method status="PASS" signature="afterMethod()[pri:0, instance:firstTestNG.FirstNGTest@282ba1e]" name="afterMethod" is-config="true" duration-ms="0" started-at="2016-01-29T16:42:12Z" finished-at="2016-01-29T16:42:12Z">
          <reporter-output>
          </reporter-output>
        </test-method> <!-- afterMethod -->
        <test-method status="PASS" signature="beforeMethod()[pri:0, instance:firstTestNG.FirstNGTest@282ba1e]" name="beforeMethod" is-config="true" duration-ms="0" started-at="2016-01-29T16:42:12Z" finished-at="2016-01-29T16:42:12Z">
          <reporter-output>
          </reporter-output>
        </test-method> <!-- beforeMethod -->
        <test-method status="PASS" signature="f2()[pri:0, instance:firstTestNG.FirstNGTest@282ba1e]" name="f2" duration-ms="2" started-at="2016-01-29T16:42:12Z" finished-at="2016-01-29T16:42:12Z">
          <reporter-output>
          </reporter-output>
        </test-method> <!-- f2 -->
        <test-method status="PASS" signature="afterMethod()[pri:0, instance:firstTestNG.FirstNGTest@282ba1e]" name="afterMethod" is-config="true" duration-ms="0" started-at="2016-01-29T16:42:12Z" finished-at="2016-01-29T16:42:12Z">
          <reporter-output>
          </reporter-output>
        </test-method> <!-- afterMethod -->
        <test-method status="PASS" signature="beforeMethod()[pri:0, instance:firstTestNG.FirstNGTest@282ba1e]" name="beforeMethod" is-config="true" duration-ms="0" started-at="2016-01-29T16:42:12Z" finished-at="2016-01-29T16:42:12Z">
          <reporter-output>
          </reporter-output>
        </test-method> <!-- beforeMethod -->
        <test-method status="PASS" signature="f3()[pri:0, instance:firstTestNG.FirstNGTest@282ba1e]" name="f3" duration-ms="1" started-at="2016-01-29T16:42:12Z" finished-at="2016-01-29T16:42:12Z">
          <reporter-output>
          </reporter-output>
        </test-method> <!-- f3 -->
        <test-method status="PASS" signature="afterMethod()[pri:0, instance:firstTestNG.FirstNGTest@282ba1e]" name="afterMethod" is-config="true" duration-ms="1" started-at="2016-01-29T16:42:12Z" finished-at="2016-01-29T16:42:12Z">
          <reporter-output>
          </reporter-output>
        </test-method> <!-- afterMethod -->
        <test-method status="PASS" signature="f4()[pri:0, instance:firstTestNG.FirstNGTest@282ba1e]" name="f4" duration-ms="2" started-at="2016-01-29T16:42:12Z" finished-at="2016-01-29T16:42:12Z">
          <reporter-output>
          </reporter-output>
        </test-method> <!-- f4 -->
        <test-method status="PASS" signature="beforeMethod()[pri:0, instance:firstTestNG.FirstNGTest@282ba1e]" name="beforeMethod" is-config="true" duration-ms="0" started-at="2016-01-29T16:42:12Z" finished-at="2016-01-29T16:42:12Z">
          <reporter-output>
          </reporter-output>
        </test-method> <!-- beforeMethod -->
        <test-method status="PASS" signature="afterMethod()[pri:0, instance:firstTestNG.FirstNGTest@282ba1e]" name="afterMethod" is-config="true" duration-ms="1" started-at="2016-01-29T16:42:12Z" finished-at="2016-01-29T16:42:12Z">
          <reporter-output>
          </reporter-output>
        </test-method> <!-- afterMethod -->
        <test-method status="PASS" signature="beforeMethod()[pri:0, instance:firstTestNG.FirstNGTest@282ba1e]" name="beforeMethod" is-config="true" duration-ms="1" started-at="2016-01-29T16:42:12Z" finished-at="2016-01-29T16:42:12Z">
          <reporter-output>
          </reporter-output>
        </test-method> <!-- beforeMethod -->
        <test-method status="PASS" signature="f5()[pri:0, instance:firstTestNG.FirstNGTest@282ba1e]" name="f5" duration-ms="2" started-at="2016-01-29T16:42:12Z" finished-at="2016-01-29T16:42:12Z">
          <reporter-output>
          </reporter-output>
        </test-method> <!-- f5 -->
        <test-method status="PASS" signature="afterMethod()[pri:0, instance:firstTestNG.FirstNGTest@282ba1e]" name="afterMethod" is-config="true" duration-ms="1" started-at="2016-01-29T16:42:12Z" finished-at="2016-01-29T16:42:12Z">
          <reporter-output>
          </reporter-output>
        </test-method> <!-- afterMethod -->
        <test-method status="PASS" signature="afterClass()[pri:0, instance:firstTestNG.FirstNGTest@282ba1e]" name="afterClass" is-config="true" duration-ms="0" started-at="2016-01-29T16:42:12Z" finished-at="2016-01-29T16:42:12Z">
          <reporter-output>
          </reporter-output>
        </test-method> <!-- afterClass -->
        <test-method status="PASS" signature="afterTest()[pri:0, instance:firstTestNG.FirstNGTest@282ba1e]" name="afterTest" is-config="true" duration-ms="0" started-at="2016-01-29T16:42:12Z" finished-at="2016-01-29T16:42:12Z">
          <reporter-output>
          </reporter-output>
        </test-method> <!-- afterTest -->
      </class> <!-- firstTestNG.FirstNGTest -->
    </test> <!-- test1 -->
  </suite> <!-- testngTest -->
</testng-results>
